<?xml version="1.0" encoding="UTF-8"?>
<!-- Generated by org.testng.reporters.JUnitReportReporter -->
<testsuite skipped="0" hostname="ISW-INITSNG-FO" name="WordPressCMS.WordPressCMS.GetStartedTest" tests="3" failures="0" timestamp="2020-01-23T16:30:40 WAT" time="172.104" errors="0">
  <testcase name="verifyCreateWordpressBlogFree" time="63.856" classname="WordPressCMS.WordPressCMS.GetStartedTest"/>
  <system-out/>
  <testcase name="verifyCreateWordpressBlogPersonal" time="88.829" classname="WordPressCMS.WordPressCMS.GetStartedTest"/>
  <system-out/>
  <testcase name="verifyCreateDuplicateWordpressAccount" time="19.419" classname="WordPressCMS.WordPressCMS.GetStartedTest"/>
  <system-out/>
</testsuite> <!-- WordPressCMS.WordPressCMS.GetStartedTest -->
