<?xml version="1.0" encoding="UTF-8"?>
<!-- Generated by org.testng.reporters.JUnitReportReporter -->
<testsuite hostname="DESKTOP-6VB1SHE" failures="0" tests="3" name="WordPressCMS.WordPressCMS.GetStartedTest" time="110.051" errors="0" timestamp="2024-12-06T20:16:24 WAT" skipped="0">
  <testcase classname="WordPressCMS.WordPressCMS.GetStartedTest" name="verifyCreateWordpressBlogFree" time="47.168"/>
  <testcase classname="WordPressCMS.WordPressCMS.GetStartedTest" name="verifyCreateWordpressBlogPersonal" time="42.652"/>
  <testcase classname="WordPressCMS.WordPressCMS.GetStartedTest" name="verifyCreateDuplicateWordpressAccount" time="20.231"/>
</testsuite> <!-- WordPressCMS.WordPressCMS.GetStartedTest -->
