<?xml version="1.0" encoding="UTF-8"?>
<!-- Generated by org.testng.reporters.JUnitReportReporter -->
<testsuite skipped="0" hostname="ISW-INITSNG-FO" name="WordPressCMS.WordPressCMS.LoginTest" tests="3" failures="0" timestamp="2020-01-23T16:30:40 WAT" time="182.453" errors="0">
  <testcase name="verifyValidLogin" time="38.604" classname="WordPressCMS.WordPressCMS.LoginTest"/>
  <system-out/>
  <testcase name="verifyValidLoginUsingGoogle" time="53.885" classname="WordPressCMS.WordPressCMS.LoginTest"/>
  <system-out/>
  <testcase name="verifyInvalidLogin" time="89.964" classname="WordPressCMS.WordPressCMS.LoginTest"/>
  <system-out/>
</testsuite> <!-- WordPressCMS.WordPressCMS.LoginTest -->
