<?xml version="1.0" encoding="UTF-8"?>
<!-- Generated by org.testng.reporters.JUnitReportReporter -->
<testsuite hostname="DESKTOP-6VB1SHE" failures="0" tests="3" name="WordPressCMS.WordPressCMS.LoginTest" time="58.318" errors="0" timestamp="2024-07-07T21:14:15 WAT" skipped="0">
  <testcase classname="WordPressCMS.WordPressCMS.LoginTest" name="verifyValidLogin" time="23.416"/>
  <testcase classname="WordPressCMS.WordPressCMS.LoginTest" name="verifyInvalidLogin" time="15.613"/>
  <testcase classname="WordPressCMS.WordPressCMS.LoginTest" name="verifyValidLoginUsingGoogle" time="19.289"/>
</testsuite> <!-- WordPressCMS.WordPressCMS.LoginTest -->
