<?xml version="1.0" encoding="UTF-8"?>
<!-- Generated by org.testng.reporters.JUnitReportReporter -->
<testsuite skipped="0" hostname="ISW-INITSNG-FO" name="WordPressCMS.WordPressCMS.LoginTest" tests="3" failures="0" timestamp="2020-01-23T16:23:49 WAT" time="114.422" errors="0">
  <testcase name="verifyValidLogin" time="41.131" classname="WordPressCMS.WordPressCMS.LoginTest"/>
  <system-out/>
  <testcase name="verifyValidLoginUsingGoogle" time="50.700" classname="WordPressCMS.WordPressCMS.LoginTest"/>
  <system-out/>
  <testcase name="verifyInvalidLogin" time="22.591" classname="WordPressCMS.WordPressCMS.LoginTest"/>
  <system-out/>
</testsuite> <!-- WordPressCMS.WordPressCMS.LoginTest -->
