<?xml version="1.0" encoding="UTF-8"?>
<!-- Generated by org.testng.reporters.JUnitReportReporter -->
<testsuite skipped="0" hostname="ISW-INITSNG-FO" name="WordPressCMS.WordPressCMS.GetStartedTest" tests="3" failures="0" timestamp="2020-01-23T16:23:49 WAT" time="155.150" errors="0">
  <testcase name="verifyCreateWordpressBlogFree" time="60.825" classname="WordPressCMS.WordPressCMS.GetStartedTest"/>
  <system-out/>
  <testcase name="verifyCreateWordpressBlogPersonal" time="64.539" classname="WordPressCMS.WordPressCMS.GetStartedTest"/>
  <system-out/>
  <testcase name="verifyCreateDuplicateWordpressAccount" time="29.786" classname="WordPressCMS.WordPressCMS.GetStartedTest"/>
  <system-out/>
</testsuite> <!-- WordPressCMS.WordPressCMS.GetStartedTest -->
