<?xml version="1.0" encoding="UTF-8"?>
<!-- Generated by org.testng.reporters.JUnitReportReporter -->
<testsuite hostname="DESKTOP-6VB1SHE" failures="0" tests="3" name="WordPressCMS.WordPressCMS.GetStartedTest" time="106.878" errors="0" timestamp="2024-07-04T17:28:32 WAT" skipped="0">
  <testcase classname="WordPressCMS.WordPressCMS.GetStartedTest" name="verifyCreateWordpressBlogFree" time="30.467"/>
  <system-out/>
  <testcase classname="WordPressCMS.WordPressCMS.GetStartedTest" name="verifyCreateWordpressBlogPersonal" time="53.323"/>
  <system-out/>
  <testcase classname="WordPressCMS.WordPressCMS.GetStartedTest" name="verifyCreateDuplicateWordpressAccount" time="23.088"/>
  <system-out/>
</testsuite> <!-- WordPressCMS.WordPressCMS.GetStartedTest -->
