<?xml version="1.0" encoding="UTF-8"?>
<!-- Generated by org.testng.reporters.JUnitReportReporter -->
<testsuite hostname="UL-ABJ-TD-L81" failures="0" tests="3" name="WordPressCMS.WordPressCMS.GetStartedTest" time="81.833" errors="0" timestamp="2022-10-08T21:25:56 WAT" skipped="0">
  <testcase classname="WordPressCMS.WordPressCMS.GetStartedTest" name="verifyCreateWordpressBlogFree" time="36.247"/>
  <system-out/>
  <testcase classname="WordPressCMS.WordPressCMS.GetStartedTest" name="verifyCreateWordpressBlogPersonal" time="31.556"/>
  <system-out/>
  <testcase classname="WordPressCMS.WordPressCMS.GetStartedTest" name="verifyCreateDuplicateWordpressAccount" time="14.030"/>
  <system-out/>
</testsuite> <!-- WordPressCMS.WordPressCMS.GetStartedTest -->
