<?xml version="1.0" encoding="UTF-8"?>
<!-- Generated by org.testng.reporters.JUnitReportReporter -->
<testsuite hostname="DESKTOP-6VB1SHE" failures="0" tests="3" name="WordPressCMS.WordPressCMS.LoginTest" time="59.472" errors="0" timestamp="2024-07-04T17:28:32 WAT" skipped="0">
  <testcase classname="WordPressCMS.WordPressCMS.LoginTest" name="verifyValidLogin" time="24.514"/>
  <system-out/>
  <testcase classname="WordPressCMS.WordPressCMS.LoginTest" name="verifyInvalidLogin" time="12.937"/>
  <system-out/>
  <testcase classname="WordPressCMS.WordPressCMS.LoginTest" name="verifyValidLoginUsingGoogle" time="22.021"/>
  <system-out/>
</testsuite> <!-- WordPressCMS.WordPressCMS.LoginTest -->
