<?xml version="1.0" encoding="UTF-8"?>
<!-- Generated by org.testng.reporters.JUnitReportReporter -->
<testsuite hostname="UL-ABJ-TD-L81" failures="0" tests="3" name="WordPressCMS.WordPressCMS.LoginTest" time="70.425" errors="0" timestamp="2022-10-08T21:25:56 WAT" skipped="0">
  <testcase classname="WordPressCMS.WordPressCMS.LoginTest" name="verifyValidLogin" time="22.059"/>
  <system-out/>
  <testcase classname="WordPressCMS.WordPressCMS.LoginTest" name="verifyValidLoginUsingGoogle" time="20.880"/>
  <system-out/>
  <testcase classname="WordPressCMS.WordPressCMS.LoginTest" name="verifyInvalidLogin" time="27.486"/>
  <system-out/>
</testsuite> <!-- WordPressCMS.WordPressCMS.LoginTest -->
